<?xml version="1.0" encoding="UTF-8"?>
<!-- Generated by org.testng.reporters.JUnitReportReporter -->
<testsuite hostname="Sagar" failures="0" tests="10" name="pracTestNG.Dataprov" time="134.748" errors="0" timestamp="2025-10-12T11:22:04 IST" skipped="0">
  <testcase classname="pracTestNG.Dataprov" name="login" time="17.711"/>
  <testcase classname="pracTestNG.Dataprov" name="login" time="19.500"/>
  <testcase classname="pracTestNG.Dataprov" name="login" time="16.165"/>
  <testcase classname="pracTestNG.Dataprov" name="login" time="11.797"/>
  <testcase classname="pracTestNG.Dataprov" name="login" time="13.882"/>
  <testcase classname="pracTestNG.Dataprov" name="login" time="11.326"/>
  <testcase classname="pracTestNG.Dataprov" name="login" time="8.213"/>
  <testcase classname="pracTestNG.Dataprov" name="login" time="9.243"/>
  <testcase classname="pracTestNG.Dataprov" name="login" time="16.898"/>
  <testcase classname="pracTestNG.Dataprov" name="login" time="10.013"/>
  <system-out>
    <![CDATA[Establisihing DataBase connection
Pre-Conditions
Pre-Conditions
Login Done
Login Done
Logout done
Post Conditions
Login Done
Logout done
closing browser
Post Conditions
Disconnect DB]]>
  </system-out>
</testsuite> <!-- pracTestNG.Dataprov -->
