<?xml version="1.0" encoding="UTF-8"?>
<!-- Generated by org.testng.reporters.JUnitReportReporter -->
<testsuite hostname="Sagar" failures="0" tests="2" name="pracTestNG.CreateCampaign" time="23.592" errors="0" timestamp="2025-10-06T15:13:32 IST" skipped="0">
  <testcase classname="pracTestNG.CreateCampaign" name="createCampaignWithExpectedCloseDate" time="12.426"/>
  <testcase classname="pracTestNG.CreateCampaign" name="createCampaignWithMandatoryDetails" time="11.166"/>
</testsuite> <!-- pracTestNG.CreateCampaign -->
