<?xml version="1.0" encoding="UTF-8"?>
<!-- Generated by org.testng.reporters.JUnitReportReporter -->
<testsuite hostname="Sagar" failures="0" tests="3" name="pracTestNG.DataProviderDemo" time="0.014" errors="0" timestamp="2025-10-12T10:46:15 IST" skipped="0">
  <testcase classname="pracTestNG.DataProviderDemo" name="login" time="0.002">
    <system-out>
      <![CDATA[drishya====d123]]>
    </system-out>
  </testcase> <!-- login -->
  <testcase classname="pracTestNG.DataProviderDemo" name="login" time="0.009">
    <system-out>
      <![CDATA[anjali====a123]]>
    </system-out>
  </testcase> <!-- login -->
  <testcase classname="pracTestNG.DataProviderDemo" name="login" time="0.003">
    <system-out>
      <![CDATA[lavanya====l123]]>
    </system-out>
  </testcase> <!-- login -->
  <system-out>
    <![CDATA[anjali====a123
drishya====d123
lavanya====l123]]>
  </system-out>
</testsuite> <!-- pracTestNG.DataProviderDemo -->
