<?xml version="1.0" encoding="UTF-8"?>
<!-- Generated by org.testng.reporters.JUnitReportReporter -->
<testsuite hostname="Sagar" failures="0" tests="1" name="testNG.CreateProductTest" time="6.967" errors="0" timestamp="2025-10-28T15:48:30 IST" skipped="0">
  <testcase classname="testNG.CreateProductTest" name="createProductWithMandatoryDetails" time="6.967"/>
  <system-out>
    <![CDATA[Report Configuration
Establisihing DataBase connection
Pre-Conditions
Launched Browser
Login Done
Logout done
closing browser
Post Conditions
Disconnect DB]]>
  </system-out>
</testsuite> <!-- testNG.CreateProductTest -->
