<?xml version="1.0" encoding="UTF-8"?>
<!-- Generated by org.testng.reporters.JUnitReportReporter -->
<testsuite hostname="Sagar" failures="0" tests="1" name="testNG.AssertDemo" time="0.013" errors="0" timestamp="2025-10-16T14:22:14 IST" skipped="0">
  <testcase classname="testNG.AssertDemo" name="m1" time="0.013"/>
</testsuite> <!-- testNG.AssertDemo -->
