<?xml version="1.0" encoding="UTF-8"?>
<!-- Generated by org.testng.reporters.JUnitReportReporter -->
<testsuite hostname="Sagar" failures="0" tests="1" name="pracOR.CreateCampaign" time="9.407" errors="0" timestamp="2025-10-07T12:44:24 IST" skipped="0">
  <testcase classname="pracOR.CreateCampaign" name="CreateCampaign" time="9.407"/>
</testsuite> <!-- pracOR.CreateCampaign -->
