<?xml version="1.0" encoding="UTF-8"?>
<!-- Generated by org.testng.reporters.JUnitReportReporter -->
<testsuite hostname="Sagar" failures="0" tests="1" name="pracTestNG.DemoBase" time="1.290" errors="0" timestamp="2025-10-10T14:36:34 IST" skipped="0">
  <testcase classname="pracTestNG.DemoBase" name="TC001" time="1.290">
    <system-out>
      <![CDATA[testCase done]]>
    </system-out>
  </testcase> <!-- TC001 -->
  <system-out>
    <![CDATA[Connect DB
Pre conditions
launching Browser
Login
testCase done
Logout
closing browser
Post Conditions
Disconnect DB]]>
  </system-out>
</testsuite> <!-- pracTestNG.DemoBase -->
