<?xml version="1.0" encoding="UTF-8"?>
<!-- Generated by org.testng.reporters.JUnitReportReporter -->
<testsuite hostname="Sagar" failures="0" tests="1" name="testNG.CreateProduct" time="11.293" errors="0" timestamp="2025-10-13T15:39:50 IST" skipped="0">
  <testcase classname="testNG.CreateProduct" name="createProductWithMandatoryDetails" time="11.293"/>
  <system-out>
    <![CDATA[Establisihing DataBase connection
Pre-Conditions
Login Done
Logout done
closing browser
Post Conditions
Disconnect DB]]>
  </system-out>
</testsuite> <!-- testNG.CreateProduct -->
