<?xml version="1.0" encoding="UTF-8"?>
<!-- Generated by org.testng.reporters.JUnitReportReporter -->
<testsuite hostname="Sagar" failures="0" tests="1" name="testNG.SoftAsserts" time="4.820" errors="0" timestamp="2025-10-16T15:16:30 IST" skipped="0">
  <testcase classname="testNG.SoftAsserts" name="assertDemo" time="4.820"/>
</testsuite> <!-- testNG.SoftAsserts -->
