<?xml version="1.0" encoding="UTF-8"?>
<!-- Generated by org.testng.reporters.JUnitReportReporter -->
<testsuite hostname="Sagar" failures="0" tests="1" name="practicePackage.ExtentReports" time="0.664" errors="0" timestamp="2025-10-25T14:55:22 IST" skipped="0">
  <testcase classname="practicePackage.ExtentReports" name="demoReport" time="0.664"/>
</testsuite> <!-- practicePackage.ExtentReports -->
