<?xml version="1.0" encoding="UTF-8"?>
<!-- Generated by org.testng.reporters.JUnitReportReporter -->
<testsuite hostname="Sagar" failures="0" tests="11" name="pracTestNG.IC" time="109.078" errors="0" timestamp="2025-10-07T15:24:55 IST" skipped="0">
  <testcase classname="pracTestNG.IC" name="icTry" time="10.713"/>
  <testcase classname="pracTestNG.IC" name="icTry" time="13.138"/>
  <testcase classname="pracTestNG.IC" name="icTry" time="14.927"/>
  <testcase classname="pracTestNG.IC" name="icTry" time="9.708"/>
  <testcase classname="pracTestNG.IC" name="icTry" time="9.257"/>
  <testcase classname="pracTestNG.IC" name="icTry" time="6.890"/>
  <testcase classname="pracTestNG.IC" name="icTry" time="7.066"/>
  <testcase classname="pracTestNG.IC" name="icTry" time="7.241"/>
  <testcase classname="pracTestNG.IC" name="icTry" time="9.032"/>
  <testcase classname="pracTestNG.IC" name="icTry" time="10.559"/>
  <testcase classname="pracTestNG.IC" name="icTry" time="10.547"/>
</testsuite> <!-- pracTestNG.IC -->
