<?xml version="1.0" encoding="UTF-8"?>
<!-- Generated by org.testng.reporters.JUnitReportReporter -->
<testsuite hostname="Sagar" failures="0" tests="1" name="practicePackage.SsWithTimeStamp" time="4.328" errors="0" timestamp="2025-10-23T14:30:37 IST" skipped="0">
  <testcase classname="practicePackage.SsWithTimeStamp" name="takeSS" time="4.328"/>
</testsuite> <!-- practicePackage.SsWithTimeStamp -->
