<?xml version="1.0" encoding="UTF-8"?>
<!-- Generated by org.testng.reporters.JUnitReportReporter -->
<testsuite hostname="Sagar" failures="0" tests="2" name="pracTestNG.SamplTest" time="0.023" errors="0" timestamp="2025-10-07T14:56:54 IST" skipped="1">
  <testcase classname="pracTestNG.SamplTest" name="createAcc" time="0.023">
    <system-out>
      <![CDATA[Created Acc]]>
    </system-out>
  </testcase> <!-- createAcc -->
  <testcase classname="pracTestNG.SamplTest" name="editAcc">
    <skipped/>
  </testcase> <!-- editAcc -->
  <system-out>
    <![CDATA[Created Acc]]>
  </system-out>
</testsuite> <!-- pracTestNG.SamplTest -->
