<?xml version="1.0" encoding="UTF-8"?>
<!-- Generated by org.testng.reporters.JUnitReportReporter -->
<testsuite hostname="Sagar" failures="0" tests="19" name="pracTestNG.SamplTest" time="0.023" errors="0" timestamp="2025-10-27T15:13:00 IST" skipped="0">
  <testcase classname="pracTestNG.SamplTest" name="createAcc" time="0.002">
    <system-out>
      <![CDATA[Created Acc]]>
    </system-out>
  </testcase> <!-- createAcc -->
  <testcase classname="pracTestNG.SamplTest" name="editAcc" time="0.002">
    <system-out>
      <![CDATA[Edited Acc]]>
    </system-out>
  </testcase> <!-- editAcc -->
  <testcase classname="pracTestNG.SamplTest" name="editAcc" time="0.001">
    <system-out>
      <![CDATA[Edited Acc]]>
    </system-out>
  </testcase> <!-- editAcc -->
  <testcase classname="pracTestNG.SamplTest" name="createAcc" time="0.002">
    <system-out>
      <![CDATA[Created Acc]]>
    </system-out>
  </testcase> <!-- createAcc -->
  <testcase classname="pracTestNG.SamplTest" name="editAcc" time="0.003">
    <system-out>
      <![CDATA[Edited Acc]]>
    </system-out>
  </testcase> <!-- editAcc -->
  <testcase classname="pracTestNG.SamplTest" name="editAcc" time="0.001">
    <system-out>
      <![CDATA[Edited Acc]]>
    </system-out>
  </testcase> <!-- editAcc -->
  <testcase classname="pracTestNG.SamplTest" name="createAcc" time="0.001">
    <system-out>
      <![CDATA[Created Acc]]>
    </system-out>
  </testcase> <!-- createAcc -->
  <testcase classname="pracTestNG.SamplTest" name="editAcc" time="0.000">
    <system-out>
      <![CDATA[Edited Acc]]>
    </system-out>
  </testcase> <!-- editAcc -->
  <testcase classname="pracTestNG.SamplTest" name="deleteAcc" time="0.001">
    <system-out>
      <![CDATA[Deleted Acc]]>
    </system-out>
  </testcase> <!-- deleteAcc -->
  <testcase classname="pracTestNG.SamplTest" name="editAcc" time="0.002">
    <system-out>
      <![CDATA[Edited Acc]]>
    </system-out>
  </testcase> <!-- editAcc -->
  <testcase classname="pracTestNG.SamplTest" name="createAcc" time="0.001">
    <system-out>
      <![CDATA[Created Acc]]>
    </system-out>
  </testcase> <!-- createAcc -->
  <testcase classname="pracTestNG.SamplTest" name="editAcc" time="0.001">
    <system-out>
      <![CDATA[Edited Acc]]>
    </system-out>
  </testcase> <!-- editAcc -->
  <testcase classname="pracTestNG.SamplTest" name="editAcc" time="0.000">
    <system-out>
      <![CDATA[Edited Acc]]>
    </system-out>
  </testcase> <!-- editAcc -->
  <testcase classname="pracTestNG.SamplTest" name="deleteAcc" time="0.001">
    <system-out>
      <![CDATA[Deleted Acc]]>
    </system-out>
  </testcase> <!-- deleteAcc -->
  <testcase classname="pracTestNG.SamplTest" name="editAcc" time="0.001">
    <system-out>
      <![CDATA[Edited Acc]]>
    </system-out>
  </testcase> <!-- editAcc -->
  <testcase classname="pracTestNG.SamplTest" name="editAcc" time="0.000">
    <system-out>
      <![CDATA[Edited Acc]]>
    </system-out>
  </testcase> <!-- editAcc -->
  <testcase classname="pracTestNG.SamplTest" name="deleteAcc" time="0.001">
    <system-out>
      <![CDATA[Deleted Acc]]>
    </system-out>
  </testcase> <!-- deleteAcc -->
  <testcase classname="pracTestNG.SamplTest" name="deleteAcc" time="0.001">
    <system-out>
      <![CDATA[Deleted Acc]]>
    </system-out>
  </testcase> <!-- deleteAcc -->
  <testcase classname="pracTestNG.SamplTest" name="createAcc" time="0.002">
    <system-out>
      <![CDATA[Created Acc]]>
    </system-out>
  </testcase> <!-- createAcc -->
  <system-out>
    <![CDATA[Report Configuration
Establisihing DataBase connection
Pre-Conditions
Launched Browser
Login Done
Logout done
Login Done
Logout done
Login Done
Logout done
closing browser
Created Acc
Created Acc
Created Acc
Created Acc
Created Acc
Deleted Acc
Deleted Acc
Deleted Acc
Deleted Acc
Edited Acc
Edited Acc
Edited Acc
Edited Acc
Edited Acc
Edited Acc
Edited Acc
Edited Acc
Edited Acc
Edited Acc
Launched Browser
Login Done
Logout done
Login Done
Logout done
Login Done
Logout done
closing browser
Launched Browser
Login Done
Logout done
closing browser
Launched Browser
Login Done
Logout done
closing browser
Post Conditions
Disconnect DB]]>
  </system-out>
</testsuite> <!-- pracTestNG.SamplTest -->
