<?xml version="1.0" encoding="UTF-8"?>
<!-- Generated by org.testng.reporters.JUnitReportReporter -->
<testsuite hostname="Sagar" failures="0" tests="1" name="testNG.CreateCampaignTest" time="9.518" errors="0" timestamp="2025-10-27T15:58:11 IST" skipped="0">
  <testcase classname="testNG.CreateCampaignTest" name="createCampaignWithExpectedCloseDate" time="9.518"/>
  <system-out>
    <![CDATA[Report Configuration
Establisihing DataBase connection
Pre-Conditions
Launched Browser
Login Done
Logout done
closing browser
Post Conditions
Disconnect DB]]>
  </system-out>
</testsuite> <!-- testNG.CreateCampaignTest -->
