<?xml version="1.0" encoding="UTF-8"?>
<!-- Generated by org.testng.reporters.JUnitReportReporter -->
<testsuite hostname="Sagar" failures="0" tests="1" name="testNG.CreateCampaignTest" time="8.198" errors="0" timestamp="2025-10-29T12:07:36 IST" skipped="0">
  <testcase classname="testNG.CreateCampaignTest" name="createCampaignWithMandatoryDetails" time="8.198"/>
  <system-out>
    <![CDATA[Report Configuration
Establisihing DataBase connection
Pre-Conditions
Launched Browser
Login Done
Logout done
closing browser
Launched Browser
Login Done
Logout done
closing browser
Launched Browser
Login Done
Logout done
closing browser
Post Conditions
Disconnect DB]]>
  </system-out>
</testsuite> <!-- testNG.CreateCampaignTest -->
