<?xml version="1.0" encoding="UTF-8"?>
<!-- Generated by org.testng.reporters.JUnitReportReporter -->
<testsuite hostname="Sagar" failures="0" tests="3" name="testNG.CreateCampaignTest" time="26.400" errors="0" timestamp="2025-10-29T11:57:30 IST" skipped="0">
  <testcase classname="testNG.CreateCampaignTest" name="createCampaignWithMandatoryDetails" time="9.896"/>
  <testcase classname="testNG.CreateCampaignTest" name="createCampaignWithAllFields" time="9.744"/>
  <testcase classname="testNG.CreateCampaignTest" name="createCampaignWithExpectedCloseDate" time="6.760"/>
  <system-out>
    <![CDATA[Report Configuration
Establisihing DataBase connection
Pre-Conditions
Launched Browser
Login Done
Logout done
Login Done
Logout done
Login Done
Logout done
closing browser
Launched Browser
Login Done
Logout done
closing browser
Launched Browser
Login Done
Logout done
closing browser
Post Conditions
Disconnect DB]]>
  </system-out>
</testsuite> <!-- testNG.CreateCampaignTest -->
